picocom v3.1

port is        : /dev/ttyACM3
flowcontrol    : none
baudrate is    : 9600
parity is      : none
databits are   : 8
stopbits are   : 1
escape is      : C-a
local echo is  : no
noinit is      : no
noreset is     : no
hangup is      : no
nolock is      : no
send_cmd is    : sz -vv
receive_cmd is : rz -vv -E
imap is        : 
omap is        : 
emap is        : crcrlf,delbs,
logfile is     : none
initstring     : none
exit_after is  : not set
exit is        : no

Type [C-a] [C-h] to see available commands
Terminal ready
19.87
19.87
19.87
19.87
19.81
19.81
19.81
19.81
19.81
19.81
19.81
19.81
19.81
19.81
19.81
19.81
19.81
19.81
19.75
19.75
19.75
19.75
19.75
19.75
19.81
19.81
19.81
19.81
19.81
19.87
19.87
19.87
19.94
19.94
20.00
20.00
20.06
20.12
20.19
20.25
20.31
20.37
20.44
20.50
20.56
20.56
20.62
20.62
20.62
20.62
20.62
20.62
20.69
20.69
20.69
20.75
20.75
20.75
20.81
20.87
20.87
20.94
21.00
21.00
21.06
21.12
21.19
21.25
21.37
21.50
21.62
21.69
21.81
22.00
22.12
22.31
22.44
22.56
22.69
22.87
23.00
23.06
23.19
23.37
23.50
23.69
23.81
24.00
24.19
24.37
24.56
24.69
24.87
25.00
25.12
25.25
25.31
25.44
25.62
25.81
25.94
26.12
26.31
26.44
26.62
26.81
27.00
27.19
27.37
27.56
27.69
27.87
28.00
28.19
28.44
28.69
28.94
29.19
29.44
29.69
29.94
30.12
30.31
30.56
30.75
30.94
31.19
31.37
31.56
31.75
32.00
32.19
32.44
32.69
32.88
33.00
33.19
33.31
33.50
33.63
33.81
33.94
34.13
34.31
34.50
34.69
34.94
35.13
35.31
35.56
35.81
36.06
36.31
36.50
36.75
36.94
37.19
37.44
37.63
37.81
38.00
38.13
38.31
38.50
38.69
38.88
39.19
39.38
39.63
39.88
40.06
40.25
40.50
40.69
40.94
41.19
41.44
41.69
41.88
42.13
42.31
42.56
42.81
43.06
43.31
43.50
43.69
43.94
44.19
44.38
44.63
44.81
45.00
45.19
45.38
45.56
45.81
46.00
46.31
46.56
46.81
47.00
47.25
47.44
47.56
47.75
47.94
48.13
48.25
48.50
48.69
48.94
49.13
49.31
49.56
49.75
50.00
50.25
50.56
50.81
51.13
51.38
51.69
51.94
52.25
52.44
52.69
52.94
53.19
53.44
53.63
53.88
54.06
54.19
54.38
54.50
54.63
54.75
54.94
55.06
55.25
55.50
55.69
55.88
56.13
56.31
56.50
56.69
56.88
57.06
57.25
57.44
57.69
58.00
58.31
58.63
58.88
59.13
59.31
59.56
59.88
60.13
60.38
60.56
60.81
61.00
61.25
61.44
61.63
61.88
62.06
62.25
62.44
62.63
62.81
62.94
63.13
63.31
63.56
63.81
64.06
64.31
64.56
64.81
65.06
65.25
65.44
65.69
65.81
66.00
66.12
66.25
66.44
66.62
66.81
67.00
67.25
67.44
67.62
67.81
67.94
68.12
68.31
68.56
68.75
69.00
69.31
69.50
69.81
70.12
70.31
70.62
70.94
71.25
71.44
71.62
71.75
71.81
71.94
72.06
72.19
72.37
72.50
72.69
72.87
73.06
73.19
73.31
73.44
73.62
73.87
74.12
74.37
74.62
74.87
75.19
75.50
75.69
75.94
76.19
76.37
76.50
76.69
76.75
76.94
77.06
77.19
77.31
77.44
77.62
77.81
78.00
78.25
78.50
78.75
79.00
79.12
79.12
79.19
79.25
79.31
79.50
79.69
80.00
80.37
80.75
81.19
81.50
81.87
82.12
82.31
82.50
82.62
82.69
82.81
82.87
82.87
82.94
83.12
83.31
83.50
83.62
83.75
84.00
84.25
84.44
84.56
84.69
84.94
85.31
85.62
85.81
86.06
86.25
86.44
86.69
86.87
87.06
87.19
87.31
87.37
87.56
87.75
87.94
88.25
88.50
88.75
89.06
89.31
89.56
89.69
89.87
90.00
90.31
90.69
90.94
91.31
91.69
92.00
92.37
92.62
92.94
93.25
93.50
93.75
93.94
94.12
94.19
94.25
94.37
94.56
94.81
95.06
95.37
95.69
96.00
96.31
96.62
96.81
97.06
97.19
97.37
97.56
97.69
97.75
97.87
97.94
98.06
98.12
98.19
98.25
98.31
98.37
98.50
98.56
98.62
98.69
98.75
98.81
98.87
98.87
98.94
98.94
98.94
99.00
99.06
99.06
99.06
99.06
99.06
99.12
99.12
99.12
99.12
99.12
99.12
99.12
99.12
99.19
99.19
99.19
99.19
99.19
99.19
99.19
99.19
99.19
99.19
99.19
99.19
99.19
99.19
99.19
99.19
99.19
99.19
99.19
99.19
99.19
99.19
99.19
99.19
99.19
99.19
99.19
99.19
99.19
99.19
99.19
99.19
99.19
99.19
99.19
99.19
99.19
99.19
99.19
99.19
99.19
99.19
99.19
99.19
99.19
99.19
99.19
99.19
99.19
99.19
99.19
99.19
99.19
99.19
99.19
99.19
99.19
99.19
99.19
99.19
99.19
99.19
99.19
99.19
99.19
99.19
99.19
99.19
99.19
99.19
99.19
99.19
99.19
99.25
99.19
99.19
99.19
99.19
99.19
99.19
99.19
99.19
99.19
99.19
99.19
99.19
99.19
99.19
99.19
99.19
99.19
99.19
99.19
99.19
99.19
99.19
99.19
99.19
99.19
99.19
99.19
99.19
99.19
99.19
99.19
99.19
99.19
99.19
99.19
99.19
99.19
99.19
99.19
99.19
99.19
99.19
99.19
99.19
99.19
99.19
99.19
99.19
99.19
99.19
99.19
99.19
99.19
99.19
99.19
99.19
99.19
99.19
99.19
99.19
99.19
99.19
99.19
99.19
99.19
99.19
99.19
99.19
99.19
99.19
99.19
99.19
99.19
99.19
99.19
99.19
99.19
99.19
99.19
99.19
99.19
99.19
99.19
99.19
99.19
99.19
99.19
99.19
99.19
99.19
99.25
99.19
99.19
99.19
99.19
99.19
99.19
99.19
99.19
99.19
99.25
99.25
99.19
99.19
99.19
99.19
99.19
99.25
99.19
99.19
99.25
99.25
99.25
99.19
99.19
99.19
99.19
99.19
99.19
99.19
99.19
99.19
99.19
99.19
99.19
99.25
99.19
99.25
99.25
99.19
99.25
99.19
99.25
99.25
99.25
99.19
99.25
99.25
99.25
99.25
99.25
99.25
99.25
99.25
99.25
99.25
99.19
99.25
99.25
99.25
99.25
99.25
99.25
99.25
99.25
99.25
99.25
99.25
99.25
99.25
99.19
99.25
99.19
99.19
99.19
99.19
99.19
99.19
99.19
99.19
99.19
99.19
99.19
99.19
99.19
99.19
99.19
99.19
99.19
99.12
99.12
99.19
99.12
99.12
99.12
99.12
99.12
99.12
99.12
99.12
99.06
99.06
99.06
99.06
99.06
99.06
99.06
99.06
99.06
99.06
99.00
99.00
99.00
99.00
99.00
99.00
99.00
99.00
98.94
98.94
98.94
98.94
98.94
98.87
98.87
98.87
98.81
98.81
98.81
98.75
98.75
98.75
98.75
98.75
98.69
98.69
98.69
98.62
98.62
98.62
98.62
98.56
98.56
98.56
98.56
98.50
98.50
98.50
98.44
98.37
98.37
98.37
98.31
98.31
98.25
98.25
98.25
98.19
98.19
98.19
98.19
98.19
98.12
98.12
98.12
98.12
98.12
98.06
98.06
98.06
98.06
98.00
98.00
98.00
97.94
97.94
97.94
97.87
97.87
97.87
97.87
97.81
97.81
97.81
97.75
97.75
97.75
97.69
97.69
97.69
97.62
97.62
97.56
97.56
97.56
97.50
97.50
97.50
97.44
97.44
97.37
97.37
97.31
97.31
97.31
97.31
97.25
97.25
97.25
97.19
97.19
97.19
97.12
97.12
97.12
97.12
97.12
97.06
97.06
97.06
97.00
97.00
97.00
96.94
96.94
96.94
96.87
96.87
96.87
96.81
96.81
96.81
96.75
96.75
96.75
96.69
96.69
96.62
96.62
96.62
96.62
96.56
96.56
96.56
96.56
96.50
96.50
96.44
96.44
96.44
96.44
96.37
96.37
96.37
96.31
96.31
96.31
96.25
96.25
96.25
96.25
96.19
96.19
96.19
96.12
96.12
96.12
96.06
96.06
96.06
96.00
96.00
96.00
95.94
95.94
95.94
95.87
95.87
95.87
95.87
95.81
95.81
95.81
95.81
95.75
95.75
95.75
95.69
95.69
95.69
95.62
95.62
95.62
95.56
95.56
95.50
95.50
95.50
95.50
95.44
95.44
95.44
95.37
95.37
95.37
95.31
95.31
95.31
95.25
95.25
95.25
95.19
95.19
95.19
95.12
95.12
95.12
95.06
95.06
95.06
95.06
95.00
95.00
94.94
94.94
94.94
94.87
94.87
94.87
94.81
94.81
94.81
94.81
94.75
94.75
94.75
94.69
94.69
94.69
94.62
94.62
94.62
94.62
94.62
94.56
94.56
94.56
94.50
94.50
94.50
94.44
94.44
94.44
94.37
94.37
94.37
94.37
94.31
94.31
94.31
94.25
94.25
94.25
94.19
94.19
94.19
94.12
94.12
94.12
94.06
94.06
94.06
94.00
94.00
94.00
93.94
93.94
93.94
93.87
93.87
93.87
93.87
93.81
93.81
93.81
93.75
93.75
93.75
93.69
93.69
93.69
93.62
93.62
93.62
93.56
93.56
93.56
93.56
93.56
93.50
93.50
93.50
93.44
93.44
93.44
93.37
93.37
93.37
93.31
93.31
93.31
93.25
93.25
93.25
93.25
93.19
93.19
93.19
93.12
93.12
93.12
93.06
93.06
93.06
93.06
93.00
93.00
92.94
92.94
92.94
92.94
92.87
92.87
92.87
92.81
92.81
92.81
92.75
92.75
92.75
92.69
92.69
92.69
92.69
92.62
92.62
92.62
92.62
92.56
92.56
92.56
92.50
92.50
92.50
92.50
92.44
92.44
92.44
92.37
92.37
92.37
92.37
92.31
92.31
92.31
92.25
92.25
92.25
92.25
92.19
92.19
92.19
92.12
92.12
92.12
92.06
92.06
92.00
92.00
92.00
92.00
91.94
91.94
91.94
91.87
91.87
91.87
91.81
91.81
91.81
91.75
91.75
91.75
91.69
91.69
91.69
91.62
91.62
91.62
91.62
91.56
91.56
91.56
91.50
91.50
91.50
91.50
91.44
91.44
91.44
91.37
91.37
91.37
91.31
91.31
91.31
91.31
91.31
91.31
91.25
91.25
91.25
91.19
91.19
91.19
91.12
91.12
91.12
91.12
91.06
91.06
91.06
91.06
91.00
91.00
90.94
90.94
90.94
90.94
90.87
90.87
90.87
90.87
90.81
90.81
90.81
90.75
90.75
90.75
90.75
90.69
90.69
90.69
90.69
90.62
90.62
90.62
90.56
90.56
90.56
90.50
90.50
90.50
90.50
90.44
90.44
90.44
90.37
90.37
90.37
90.37
90.31
90.31
90.31
90.25
90.25
90.25
90.25
90.19
90.19
90.19
90.19
90.12
90.12
90.12
90.06
90.06
90.06
90.00
90.00
90.00
89.94
89.94
89.94
89.87
89.87
89.87
89.81
89.81
89.81
89.81
89.81
89.75
89.75
89.75
89.69
89.69
89.69
89.69
89.62
89.62
89.62
89.56
89.56
89.56
89.56
89.50
89.50
89.50
89.50
89.44
89.44
89.44
89.37
89.37
89.37
89.37
89.31
89.31
89.31
89.25
89.25
89.25
89.25
89.19
89.19
89.19
89.12
89.12
89.12
89.12
89.06
89.06
89.06
89.06
89.06
89.00
89.00
89.00
88.94
88.94
88.94
88.87
88.87
88.87
88.87
88.81
88.81
88.75
88.75
88.75
88.75
88.75
88.69
88.69
88.69
88.69
88.69
88.62
88.62
88.62
88.56
88.56
88.56
88.50
88.50
88.50
88.50
88.44
88.44
88.44
88.37
88.37
88.37
88.37
88.31
88.31
88.31
88.31
88.25
88.25
88.25
88.19
88.19
88.19
88.19
88.12
88.12
88.12
88.12
88.06
88.06
88.06
88.00
88.00
88.00
88.00
87.94
87.94
87.94
87.87
87.87
87.87
87.87
87.81
87.81
87.81
87.81
87.75
87.75
87.75
87.75
87.69
87.69
87.69
87.62
87.62
87.62
87.62
87.56
87.56
87.56
87.50
87.50
87.50
87.50
87.44
87.44
87.44
87.44
87.37
87.37
87.37
87.37
87.31
87.31
87.31
87.25
87.25
87.25
87.25
87.19
87.19
87.19
87.12
87.12
87.12
87.12
87.06
87.06
87.06
87.06
87.00
87.00
87.00
86.94
86.94
86.94
86.94
86.87
86.87
86.87
86.81
86.81
86.81
86.81
86.75
86.75
86.75
86.75
86.69
86.69
86.69
86.62
86.62
86.62
86.62
86.56
86.56
86.56
86.56
86.56
86.50
86.50
86.50
86.44
86.44
86.44
86.44
86.37
86.44
86.37
86.37
86.31
86.31
86.31
86.31
86.25
86.25
86.25
86.25
86.19
86.19
86.19
86.19
86.12
86.12
86.06
86.06
86.06
86.06
86.06
86.00
86.00
86.00
86.00
85.94
85.94
85.94
85.94
85.87
85.87
85.87
85.81
85.81
85.81
85.81
85.75
85.75
85.75
85.69
85.69
85.69
85.69
85.62
85.62
85.62
85.62
85.56
85.56
85.56
85.56
85.50
85.50
85.50
85.44
85.44
85.44
85.44
85.44
85.37
85.37
85.37
85.37
85.31
85.31
85.31
85.31
85.25
85.25
85.25
85.19
85.19
85.19
85.19
85.19
85.12
85.12
85.12
85.06
85.06
85.06
85.06
85.06
85.06
85.00
85.00
85.00
84.94
84.94
84.94
84.94
84.87
84.87
84.87
84.81
84.81
84.81
84.81
84.81
84.75
84.75
84.75
84.75
84.75
84.69
84.69
84.69
84.69
84.69
84.69
84.62
84.62
84.62
84.56
84.56
84.56
84.50
84.50
84.50
84.44
84.44
84.44
84.44
84.37
84.37
84.37
84.37
84.37
84.31
84.31
84.31
84.31
84.25
84.25
84.19
84.19
84.19
84.19
84.19
84.12
84.12
84.12
84.12
84.12
84.06
84.06
84.06
84.06
84.00
84.00
84.00
84.00
83.94
83.94
83.94
83.94
83.87
83.87
83.87
83.87
83.81
83.81
83.81
83.75
83.75
83.75
83.75
83.69
83.69
83.69
83.69
83.69
83.62
83.62
83.62
83.62
83.56
83.56
83.56
83.56
83.50
83.50
83.50
83.50
83.44
83.44
83.44
83.44
83.37
83.37
83.37
83.37
83.37
83.31
83.31
83.31
83.31
83.31
83.25
83.25
83.25
83.25
83.19
83.19
83.19
83.19
83.19
83.12
83.12
83.12
83.12
83.06
83.06
83.06
83.06
83.00
83.00
83.00
83.00
82.94
82.94
82.94
82.94
82.87
82.87
82.87
82.87
82.87
82.81
82.81
82.81
82.81
82.75
82.75
82.75
82.75
82.75
82.69
82.69
82.69
82.62
82.62
82.62
82.62
82.62
82.56
82.56
82.56
82.56
82.56
82.50
82.50
82.50
82.44
82.44
82.44
82.44
82.37
82.37
82.37
82.37
82.31
82.31
82.31
82.31
82.25
82.25
82.25
82.25
82.25
82.25
82.19
82.19
82.19
82.19
82.19
82.12
82.12
82.12
82.12
82.06
82.06
82.06
82.06
82.00
82.00
82.00
82.00
82.00
81.94
81.94
81.94
81.94
81.94
81.87
81.87
81.87
81.87
81.81
81.81
81.81
81.81
81.75
81.75
81.75
81.75
81.69
81.69
81.69
81.69
81.69
81.62
81.62
81.62
81.62
81.56
81.56
81.56
81.56
81.50
81.50
81.50
81.50
81.50
81.44
81.44
81.44
81.44
81.44
81.37
81.37
81.37
81.37
81.31
81.31
81.31
81.31
81.31
81.25
81.25
81.25
81.25
81.19
81.19
81.19
81.19
81.19
81.12
81.12
81.12
81.12
81.12
81.06
81.06
81.06
81.06
81.00
81.00
81.00
81.00
81.00
80.94
80.94
80.94
80.87
80.87
80.87
80.87
80.87
80.87
80.81
80.81
80.81
80.81
80.81
80.75
80.75
80.75
80.75
80.75
80.69
80.69
80.69
80.62
80.62
80.62
80.62
80.62
80.56
80.56
80.56
80.56
80.56
80.56
80.50
80.50
80.50
80.50
80.50
80.44
80.44
80.44
80.37
80.37
80.37
80.37
80.31
80.31
80.31
80.31
80.31
80.25
80.25
80.25
80.25
80.25
80.25
80.19
80.19
80.19
80.19
80.12
80.12
80.12
80.12
80.12
80.12
80.06
80.06
80.06
80.06
80.00
80.00
80.00
80.00
80.00
79.94
79.94
79.94
79.94
79.87
79.87
79.87
79.87
79.87
79.87
79.81
79.81
79.81
79.75
79.75
79.75
79.75
79.75
79.75
79.69
79.69
79.69
79.62
79.62
79.62
79.62
79.62
79.62
79.56
79.56
79.56
79.56
79.50
79.50
79.50
79.50
79.50
79.44
79.44
79.44
79.44
79.37
79.37
79.37
79.37
79.37
79.31
79.31
79.31
79.31
79.31
79.31
79.25
79.25
79.25
79.25
79.25
79.19
79.19
79.19
79.19
79.19
79.12
79.12
79.12
79.12
79.06
79.06
79.06
79.06
79.00
79.00
79.00
79.00
79.00
79.00
78.94
78.94
78.94
78.94
78.94
78.87
78.87
78.87
78.87
78.87
78.81
78.81
78.81
78.81
78.75
78.75
78.75
78.75
78.75
78.75
78.69
78.69
78.69
78.69
78.69
78.62
78.62
78.62
78.62
78.62
78.56
78.56
78.56
78.56
78.50
78.50
78.50
78.50
78.44
78.44
78.44
78.44
78.44
78.37
78.37
78.37
78.37
78.37
78.31
78.31
78.31
78.31
78.31
78.31
78.25
78.25
78.25
78.25
78.19
78.19
78.19
78.19
78.19
78.19
78.12
78.12
78.12
78.12
78.06
78.06
78.06
78.06
78.06
78.00
78.00
78.00
78.00
78.00
77.94
77.94
77.94
77.94
77.87
77.87
77.87
77.87
77.87
77.87
77.81
77.81
77.81
77.81
77.81
77.75
77.75
77.75
77.75
77.75
77.69
77.69
77.69
77.69
77.69
77.62
77.62
77.62
77.62
77.62
77.56
77.56
77.56
77.56
77.50
77.50
77.50
77.50
77.50
77.44
77.44
77.44
77.44
77.44
77.44
77.37
77.37
77.37
77.37
77.37
77.31
77.31
77.31
77.31
77.31
77.25
77.25
77.25
77.25
77.25
77.19
77.19
77.19
77.19
77.19
77.19
77.12
77.12
77.12
77.12
77.06
77.06
77.06
77.06
77.06
77.00
77.00
77.00
77.00
77.00
77.00
76.94
76.94
76.94
76.94
76.87
76.87
76.87
76.87
76.87
76.87
76.81
76.81
76.81
76.81
76.81
76.81
76.75
76.75
76.75
76.75
76.69
76.69
76.69
76.69
76.69
76.62
76.62
76.62
76.62
76.62
76.62
76.56
76.56
76.56
76.56
76.56
76.56
76.50
76.50
76.50
76.50
76.44
76.44
76.44
76.44
76.44
76.37
76.37
76.37
76.37
76.31
76.31
76.31
76.31
76.31
76.31
76.25
76.25
76.25
76.25
76.25
76.25
76.19
76.19
76.19
76.19
76.19
76.19
76.12
76.12
76.12
76.12
76.06
76.06
76.06
76.06
76.06
76.06
76.00
76.00
76.00
76.00
76.00
75.94
75.94
75.94
75.94
75.87
75.87
75.87
75.87
75.87
75.81
75.81
75.81
75.81
75.81
75.81
75.75
75.75
75.75
75.75
75.75
75.69
75.69
75.69
75.69
75.69
75.69
75.62
75.62
75.62
75.62
75.62
75.56
75.56
75.56
75.56
75.56
75.50
75.50
75.50
75.50
75.50
75.44
75.44
75.44
75.44
75.44
75.44
75.37
75.37
75.37
75.37
75.37
75.31
75.31
75.31
75.31
75.31
75.31
75.25
75.25
75.25
75.25
75.19
75.19
75.19
75.19
75.19
75.19
75.19
75.12
75.12
75.12
75.06
75.06
75.06
75.06
75.06
75.00
75.00
75.00
75.00
75.00
75.00
74.94
74.94
74.94
74.94
74.94
74.87
74.87
74.87
74.87
74.81
74.81
74.81
74.81
74.81
74.81
74.81
74.75
74.75
74.75
74.75
74.69
74.69
74.69
74.69
74.69
74.69
74.62
74.62
74.62
74.62
74.62
74.56
74.56
74.56
74.56
74.56
74.56
74.50
74.50
74.50
74.50
74.50
74.44
74.44
74.44
74.44
74.44
74.37
74.37
74.37
74.37
74.37
74.37
74.37
74.31
74.31
74.31
74.31
74.31
74.31
74.25
74.25
74.25
74.25
74.19
74.19
74.19
74.19
74.19
74.12
74.12
74.12
74.12
74.12
74.12
74.12
74.06
74.06
74.06
74.06
74.06
74.00
74.00
74.00
74.00
74.00
74.00
73.94
73.94
73.94
73.94
73.87
73.87
73.87
73.87
73.87
73.87
73.81
73.81
73.81
73.81
73.81
73.81
73.81
73.75
73.75
73.75
73.75
73.69
73.69
73.69
73.69
73.69
73.69
73.69
73.62
73.62
73.62
73.62
73.62
73.56
73.56
73.56
73.56
73.56
73.50
73.50
73.50
73.50
73.50
73.50
73.44
73.44
73.44
73.44
73.44
73.44
73.37
73.37
73.37
73.37
73.37
73.37
73.31
73.31
73.31
73.31
73.25
73.25
73.25
73.25
73.25
73.25
73.25
73.19
73.19
73.19
73.19
73.19
73.19
73.12
73.12
73.12
73.12
73.12
73.12
73.06
73.06
73.06
73.06
73.06
73.00
73.00
73.00
73.00
73.00
72.94
72.94
72.94
72.94
72.94
72.94
72.94
72.87
72.87
72.87
72.87
72.87
72.81
72.81
72.81
72.81
72.81
72.75
72.75
72.75
72.75
72.75
72.69
72.69
72.69
72.69
72.69
72.69
72.62
72.69
72.62
72.62
72.62
72.62
72.62
72.56
72.56
72.56
72.56
72.56
72.50
72.50
72.50
72.50
72.50
72.50
72.44
72.44
72.44
72.44
72.44
72.44
72.37
72.37
72.37
72.37
72.37
72.37
72.31
72.31
72.31
72.31
72.25
72.25
72.25
72.25
72.25
72.25
72.19
72.19
72.19
72.19
72.19
72.19
72.12
72.12
72.12
72.12
72.12
72.06
72.06
72.06
72.06
72.06
72.06
72.00
72.00
72.00
72.00
72.00
72.00
72.00
71.94
71.94
71.94
71.94
71.94
71.87
71.87
71.87
71.87
71.87
71.87
71.87
71.81
71.81
71.81
71.81
71.81
71.75
71.75
71.75
71.75
71.75
71.75
71.69
71.69
71.69
71.69
71.69
71.62
71.62
71.62
71.62
71.62
71.62
71.62
71.56
71.56
71.56
71.56
71.56
71.56
71.50
71.50
71.50
71.50
71.50
71.50
71.44
71.44
71.44
71.44
71.37
71.37
71.37
71.37
71.37
71.37
71.37
71.37
71.31
71.31
71.31
71.31
71.31
71.31
71.25
71.25
71.25
71.25
71.25
71.19
71.19
71.19
71.19
71.19
71.19
71.12
71.12
71.12
71.12
71.12
71.12
71.06
71.06
71.06
71.06
71.06
71.06
71.00
71.00
71.00
71.00
71.00
70.94
70.94
70.94
70.94
70.94
70.94
70.94
70.87
70.87
70.87
70.87
70.87
70.87
70.81
70.81
70.81
70.81
70.81
70.81
70.75
70.75
70.75
70.75
70.75
70.75
70.75
70.69
70.69
70.69
70.69
70.69
70.62
70.62
70.62
70.62
70.62
70.62
70.56
70.56
70.56
70.56
70.56
70.56
70.50
70.50
70.50
70.50
70.50
70.50
70.50
70.44
70.44
70.44
70.44
70.44
70.44
70.37
70.37
70.37
70.37
70.37
70.31
70.31
70.31
70.31
70.31
70.31
70.31
70.25
70.25
70.25
70.25
70.25
70.19
70.19
70.19
70.19
70.19
70.19
70.19
70.12
70.12
70.12
70.12
70.12
70.12
70.06
70.06
70.06
70.06
70.06
70.00
70.00
70.00
70.00
70.00
70.00
70.00
69.94
69.94
69.94
